<?xml version="1.0" encoding="utf-8"?><testsuites name="pytest tests"><testsuite name="pytest" errors="0" failures="0" skipped="0" tests="3" time="59.985" timestamp="2026-07-07T19:44:43.066616+00:00" hostname="agent-env-621a1027-d9d5-43a9-ab73-fcb35754a71e"><testcase classname="tests.test_thinking_speed.TestThinkingStream" name="test_manual_gpt_oss_emits_thinking" time="13.814" /><testcase classname="tests.test_thinking_speed.TestSpeedRegression" name="test_auto_simple_uses_heuristic_validator_fast" time="16.299" /><testcase classname="tests.test_thinking_speed.TestGroundedValidationRegression" name="test_web_still_gets_validation_or_sources" time="45.685" /></testsuite></testsuites>