<?xml version="1.0" encoding="utf-8"?><testsuites name="pytest tests"><testsuite name="pytest" errors="0" failures="1" skipped="0" tests="9" time="111.389" timestamp="2026-07-07T19:32:09.951672+00:00" hostname="agent-env-621a1027-d9d5-43a9-ab73-fcb35754a71e"><testcase classname="tests.test_feedback_rl.TestRegressions" name="test_coding_prompt_completes" time="33.900"><failure message="AssertionError: unexpected role for coding prompt: coding (learned)&#10;assert 'coding (learned)' in ('coding', 'technical', 'reasoning')">backend/tests/test_feedback_rl.py:158: in test_coding_prompt_completes
    assert d["role"] in ("coding", "technical", "reasoning"), f"unexpected role for coding prompt: {d['role']}"
E   AssertionError: unexpected role for coding prompt: coding (learned)
E   assert 'coding (learned)' in ('coding', 'technical', 'reasoning')</failure></testcase><testcase classname="tests.test_feedback_rl.TestRegressions" name="test_simple_hi_completes" time="16.436" /><testcase classname="tests.test_feedback_rl.TestFeedback" name="test_feedback_up" time="41.124" /><testcase classname="tests.test_feedback_rl.TestFeedback" name="test_feedback_down" time="0.099" /><testcase classname="tests.test_feedback_rl.TestFeedback" name="test_feedback_invalid_rating" time="0.079" /><testcase classname="tests.test_feedback_rl.TestDateBugFix" name="test_date_answer_no_refusal" time="34.484" /><testcase classname="tests.test_feedback_rl.TestRegressions" name="test_ensemble_still_works" time="48.467" /><testcase classname="tests.test_feedback_rl.TestStatsLearnedRoutes" name="test_stats_shape" time="0.563" /><testcase classname="tests.test_feedback_rl.TestStatsLearnedRoutes" name="test_up_reflected_in_by_model" time="11.509" /></testsuite></testsuites>