<?xml version="1.0" encoding="utf-8"?><testsuites name="pytest tests"><testsuite name="pytest" errors="0" failures="0" skipped="0" tests="6" time="30.017" timestamp="2026-07-07T19:55:54.784094+00:00" hostname="agent-env-621a1027-d9d5-43a9-ab73-fcb35754a71e"><testcase classname="tests.test_info_quality_rl.TestFeedbackInfoQuality" name="test_feedback_invalid_rating_400" time="0.309" /><testcase classname="tests.test_info_quality_rl.TestSpeedRegression" name="test_simple_auto_uses_heuristic_validator" time="7.604" /><testcase classname="tests.test_info_quality_rl.TestFeedbackInfoQuality" name="test_feedback_down_increments_category_down" time="9.222" /><testcase classname="tests.test_info_quality_rl.TestSpeedRegression" name="test_web_prompt_still_runs" time="14.198" /><testcase classname="tests.test_info_quality_rl.TestStatsShape" name="test_stats_new_fields" time="0.133" /><testcase classname="tests.test_info_quality_rl.TestDeterministicRouting" name="test_coding_and_general_route_to_distinct_sensible_models" time="7.718" /></testsuite></testsuites>