<?xml version="1.0" encoding="utf-8"?><testsuites name="pytest tests"><testsuite name="pytest" errors="0" failures="4" skipped="0" tests="10" time="182.708" timestamp="2026-07-06T19:21:01.965045+00:00" hostname="agent-env-621a1027-d9d5-43a9-ab73-fcb35754a71e"><testcase classname="tests.backend_test.TestBasic" name="test_models" time="1.487" /><testcase classname="tests.backend_test.TestChats" name="test_create_and_list" time="0.576" /><testcase classname="tests.backend_test.TestChats" name="test_messages_empty" time="0.071" /><testcase classname="tests.backend_test.TestStreamAuto" name="test_auto_simple" time="60.061"><failure message="AssertionError: no done event. types=['status', 'meta', 'status', 'token', 'token', 'token', 'token', 'token', 'token', 'token', 'token', 'token', 'token', 'token', 'token', 'token', 'token', 'status']&#10;assert []">backend/tests/backend_test.py:111: in test_auto_simple
    assert done, f"no done event. types={types}"
E   AssertionError: no done event. types=['status', 'meta', 'status', 'token', 'token', 'token', 'token', 'token', 'token', 'token', 'token', 'token', 'token', 'token', 'token', 'token', 'token', 'status']
E   assert []</failure></testcase><testcase classname="tests.backend_test.TestBasic" name="test_config" time="0.059" /><testcase classname="tests.backend_test.TestDocumentsAndRAG" name="test_upload_and_list" time="0.297" /><testcase classname="tests.backend_test.TestDocumentsAndRAG" name="test_rag_answer" time="33.869"><failure message="assert []">backend/tests/backend_test.py:206: in test_rag_answer
    assert done
E   assert []</failure></testcase><testcase classname="tests.backend_test.TestStats" name="test_stats" time="1.545" /><testcase classname="tests.backend_test.TestManualMode" name="test_manual_model_selection" time="60.678"><failure message="assert []">backend/tests/backend_test.py:145: in test_manual_model_selection
    assert done
E   assert []</failure></testcase><testcase classname="tests.backend_test.TestWebSearch" name="test_use_web" time="60.776"><failure message="assert []">backend/tests/backend_test.py:161: in test_use_web
    assert done
E   assert []</failure></testcase></testsuite></testsuites>