<?xml version="1.0" encoding="utf-8"?><testsuites name="pytest tests"><testsuite name="pytest" errors="0" failures="0" skipped="0" tests="2" time="29.200" timestamp="2026-07-07T18:03:36.726686+00:00" hostname="agent-env-621a1027-d9d5-43a9-ab73-fcb35754a71e"><testcase classname="tests.backend_test.TestEnsemble" name="test_ensemble_stream_full_flow" time="23.752" /><testcase classname="tests.backend_test.TestEnsemble" name="test_single_mode_regression_ensemble_null" time="5.330" /></testsuite></testsuites>