<?xml version="1.0" encoding="utf-8"?><testsuites name="pytest tests"><testsuite name="pytest" errors="0" failures="0" skipped="0" tests="10" time="48.006" timestamp="2026-07-06T19:38:16.650425+00:00" hostname="agent-env-621a1027-d9d5-43a9-ab73-fcb35754a71e"><testcase classname="tests.backend_test.TestBasic" name="test_models" time="1.367" /><testcase classname="tests.backend_test.TestChats" name="test_create_and_list" time="0.426" /><testcase classname="tests.backend_test.TestChats" name="test_messages_empty" time="0.086" /><testcase classname="tests.backend_test.TestStreamAuto" name="test_auto_simple" time="3.208" /><testcase classname="tests.backend_test.TestBasic" name="test_config" time="0.069" /><testcase classname="tests.backend_test.TestDocumentsAndRAG" name="test_upload_and_list" time="0.249" /><testcase classname="tests.backend_test.TestDocumentsAndRAG" name="test_rag_answer" time="17.676" /><testcase classname="tests.backend_test.TestManualMode" name="test_manual_model_selection" time="4.310" /><testcase classname="tests.backend_test.TestWebSearch" name="test_use_web" time="39.439" /><testcase classname="tests.backend_test.TestStats" name="test_stats" time="0.651" /></testsuite></testsuites>